# JRE version: Java(TM) SE Runtime Environment (7.0_51-b13) (build 1.7.0_51-b13)
# Java VM: Java HotSpot(TM) Server VM (24.51-b03 mixed mode linux-x86 )
Heap
 PSYoungGen      total 158464K, used 28510K [0x9ee80000, 0xac580000, 0xb4400000)
  eden space 132608K, 2% used [0x9ee80000,0x9f119a58,0xa7000000)
  from space 25856K, 99% used [0xaac40000,0xac57e120,0xac580000)
  to   space 32512K, 0% used [0xa8600000,0xa8600000,0xaa5c0000)
 ParOldGen       total 76288K, used 48003K [0x74400000, 0x78e80000, 0x9ee80000)
  object space 76288K, 62% used [0x74400000,0x772e0ca8,0x78e80000)
 PSPermGen       total 16384K, used 3595K [0x70400000, 0x71400000, 0x74400000)
  object space 16384K, 21% used [0x70400000,0x70782c60,0x71400000)
GC Heap History (10 events):
Event: 5.689 GC heap before
{Heap before GC invocations=7 (full 0):
 PSYoungGen      total 61440K, used 61431K [0x9ee80000, 0xa3380000, 0xb4400000)
  eden space 54528K, 100% used [0x9ee80000,0xa23c0000,0xa23c0000)
  from space 6912K, 99% used [0xa2b40000,0xa31fdd28,0xa3200000)
  to   space 7680K, 0% used [0xa23c0000,0xa23c0000,0xa2b40000)
 ParOldGen       total 36608K, used 12856K [0x74400000, 0x767c0000, 0x9ee80000)
  object space 36608K, 35% used [0x74400000,0x7508e170,0x767c0000)
 PSPermGen       total 16384K, used 3542K [0x70400000, 0x71400000, 0x74400000)
  object space 16384K, 21% used [0x70400000,0x70775b80,0x71400000)
Event: 5.719 GC heap after
Heap after GC invocations=7 (full 0):
 PSYoungGen      total 62208K, used 7664K [0x9ee80000, 0xa7300000, 0xb4400000)
  eden space 54528K, 0% used [0x9ee80000,0x9ee80000,0xa23c0000)
  from space 7680K, 99% used [0xa23c0000,0xa2b3c2a0,0xa2b40000)
  to   space 13312K, 0% used [0xa6600000,0xa6600000,0xa7300000)
 ParOldGen       total 36608K, used 22165K [0x74400000, 0x767c0000, 0x9ee80000)
  object space 36608K, 60% used [0x74400000,0x759a55f8,0x767c0000)
 PSPermGen       total 16384K, used 3542K [0x70400000, 0x71400000, 0x74400000)
  object space 16384K, 21% used [0x70400000,0x70775b80,0x71400000)
}
Event: 6.251 GC heap before
{Heap before GC invocations=8 (full 0):
 PSYoungGen      total 62208K, used 62192K [0x9ee80000, 0xa7300000, 0xb4400000)
  eden space 54528K, 100% used [0x9ee80000,0xa23c0000,0xa23c0000)
  from space 7680K, 99% used [0xa23c0000,0xa2b3c2a0,0xa2b40000)
  to   space 13312K, 0% used [0xa6600000,0xa6600000,0xa7300000)
 ParOldGen       total 36608K, used 22165K [0x74400000, 0x767c0000, 0x9ee80000)
  object space 36608K, 60% used [0x74400000,0x759a55f8,0x767c0000)
 PSPermGen       total 16384K, used 3552K [0x70400000, 0x71400000, 0x74400000)
  object space 16384K, 21% used [0x70400000,0x70778360,0x71400000)
Event: 6.283 GC heap after
Heap after GC invocations=8 (full 0):
 PSYoungGen      total 118528K, used 13306K [0x9ee80000, 0xa7a80000, 0xb4400000)
  eden space 105216K, 0% used [0x9ee80000,0x9ee80000,0xa5540000)
  from space 13312K, 99% used [0xa6600000,0xa72fe8d8,0xa7300000)
  to   space 17152K, 0% used [0xa5540000,0xa5540000,0xa6600000)
 ParOldGen       total 36608K, used 26038K [0x74400000, 0x767c0000, 0x9ee80000)
  object space 36608K, 71% used [0x74400000,0x75d6d878,0x767c0000)
 PSPermGen       total 16384K, used 3552K [0x70400000, 0x71400000, 0x74400000)
  object space 16384K, 21% used [0x70400000,0x70778360,0x71400000)
}
Event: 7.257 GC heap before
{Heap before GC invocations=9 (full 0):
 PSYoungGen      total 118528K, used 118522K [0x9ee80000, 0xa7a80000, 0xb4400000)
  eden space 105216K, 100% used [0x9ee80000,0xa5540000,0xa5540000)
  from space 13312K, 99% used [0xa6600000,0xa72fe8d8,0xa7300000)
  to   space 17152K, 0% used [0xa5540000,0xa5540000,0xa6600000)
 ParOldGen       total 36608K, used 26038K [0x74400000, 0x767c0000, 0x9ee80000)
  object space 36608K, 71% used [0x74400000,0x75d6d878,0x767c0000)
 PSPermGen       total 16384K, used 3586K [0x70400000, 0x71400000, 0x74400000)
  object space 16384K, 21% used [0x70400000,0x707809c0,0x71400000)
Event: 7.304 GC heap after
Heap after GC invocations=9 (full 0):
 PSYoungGen      total 122368K, used 17145K [0x9ee80000, 0xac580000, 0xb4400000)
  eden space 105216K, 0% used [0x9ee80000,0x9ee80000,0xa5540000)
  from space 17152K, 99% used [0xa5540000,0xa65fe528,0xa6600000)
  to   space 25856K, 0% used [0xaac40000,0xaac40000,0xac580000)
 ParOldGen       total 41472K, used 41369K [0x74400000, 0x76c80000, 0x9ee80000)
  object space 41472K, 99% used [0x74400000,0x76c66720,0x76c80000)
 PSPermGen       total 16384K, used 3586K [0x70400000, 0x71400000, 0x74400000)
  object space 16384K, 21% used [0x70400000,0x707809c0,0x71400000)
}
Event: 7.304 GC heap before
{Heap before GC invocations=10 (full 1):
 PSYoungGen      total 122368K, used 17145K [0x9ee80000, 0xac580000, 0xb4400000)
  eden space 105216K, 0% used [0x9ee80000,0x9ee80000,0xa5540000)
  from space 17152K, 99% used [0xa5540000,0xa65fe528,0xa6600000)
  to   space 25856K, 0% used [0xaac40000,0xaac40000,0xac580000)
 ParOldGen       total 41472K, used 41369K [0x74400000, 0x76c80000, 0x9ee80000)
  object space 41472K, 99% used [0x74400000,0x76c66720,0x76c80000)
 PSPermGen       total 16384K, used 3586K [0x70400000, 0x71400000, 0x74400000)
  object space 16384K, 21% used [0x70400000,0x707809c0,0x71400000)
Event: 7.754 GC heap after
Heap after GC invocations=10 (full 1):
 PSYoungGen      total 122368K, used 12953K [0x9ee80000, 0xac580000, 0xb4400000)
  eden space 105216K, 0% used [0x9ee80000,0x9ee80000,0xa5540000)
  from space 17152K, 75% used [0xa5540000,0xa61e66c8,0xa6600000)
  to   space 25856K, 0% used [0xaac40000,0xaac40000,0xac580000)
 ParOldGen       total 76288K, used 41454K [0x74400000, 0x78e80000, 0x9ee80000)
  object space 76288K, 54% used [0x74400000,0x76c7ba90,0x78e80000)
 PSPermGen       total 16384K, used 3583K [0x70400000, 0x71400000, 0x74400000)
  object space 16384K, 21% used [0x70400000,0x7077fd80,0x71400000)
}
Event: 8.363 GC heap before
{Heap before GC invocations=11 (full 1):
 PSYoungGen      total 122368K, used 118169K [0x9ee80000, 0xac580000, 0xb4400000)
  eden space 105216K, 100% used [0x9ee80000,0xa5540000,0xa5540000)
  from space 17152K, 75% used [0xa5540000,0xa61e66c8,0xa6600000)
  to   space 25856K, 0% used [0xaac40000,0xaac40000,0xac580000)
 ParOldGen       total 76288K, used 41454K [0x74400000, 0x78e80000, 0x9ee80000)
  object space 76288K, 54% used [0x74400000,0x76c7ba90,0x78e80000)
 PSPermGen       total 16384K, used 3594K [0x70400000, 0x71400000, 0x74400000)
  object space 16384K, 21% used [0x70400000,0x707829c8,0x71400000)
Event: 8.439 GC heap after
Heap after GC invocations=11 (full 1):
 PSYoungGen      total 158464K, used 25848K [0x9ee80000, 0xac580000, 0xb4400000)
  eden space 132608K, 0% used [0x9ee80000,0x9ee80000,0xa7000000)
  from space 25856K, 99% used [0xaac40000,0xac57e120,0xac580000)
  to   space 32512K, 0% used [0xa8600000,0xa8600000,0xaa5c0000)
 ParOldGen       total 76288K, used 48003K [0x74400000, 0x78e80000, 0x9ee80000)
  object space 76288K, 62% used [0x74400000,0x772e0ca8,0x78e80000)
 PSPermGen       total 16384K, used 3594K [0x70400000, 0x71400000, 0x74400000)
  object space 16384K, 21% used [0x70400000,0x707829c8,0x71400000)
}

