# JRE version: Java(TM) SE Runtime Environment (7.0_51-b13) (build 1.7.0_51-b13)
# Java VM: Java HotSpot(TM) Server VM (24.51-b03 mixed mode linux-x86 )
Heap
 PSYoungGen      total 61952K, used 61617K [0x9ef80000, 0xa7200000, 0xb4500000)
  eden space 54528K, 99% used [0x9ef80000,0xa246f488,0xa24c0000)
  from space 7424K, 99% used [0xa24c0000,0xa2bfd000,0xa2c00000)
  to   space 12288K, 0% used [0xa6600000,0xa6600000,0xa7200000)
 ParOldGen       total 36608K, used 21572K [0x74500000, 0x768c0000, 0x9ef80000)
  object space 36608K, 58% used [0x74500000,0x75a110c0,0x768c0000)
 PSPermGen       total 16384K, used 3555K [0x70500000, 0x71500000, 0x74500000)
  object space 16384K, 21% used [0x70500000,0x70878c08,0x71500000)
GC Heap History (10 events):
Event: 2.847 GC heap before
{Heap before GC invocations=3 (full 0):
 PSYoungGen      total 16128K, used 16121K [0x9ef80000, 0xa0f00000, 0xb4500000)
  eden space 13824K, 100% used [0x9ef80000,0x9fd00000,0x9fd00000)
  from space 2304K, 99% used [0x9ff40000,0xa017e478,0xa0180000)
  to   space 2304K, 0% used [0x9fd00000,0x9fd00000,0x9ff40000)
 ParOldGen       total 36608K, used 3914K [0x74500000, 0x768c0000, 0x9ef80000)
  object space 36608K, 10% used [0x74500000,0x748d2a88,0x768c0000)
 PSPermGen       total 16384K, used 3475K [0x70500000, 0x71500000, 0x74500000)
  object space 16384K, 21% used [0x70500000,0x70864f90,0x71500000)
Event: 2.856 GC heap after
Heap after GC invocations=3 (full 0):
 PSYoungGen      total 16128K, used 2299K [0x9ef80000, 0xa0f00000, 0xb4500000)
  eden space 13824K, 0% used [0x9ef80000,0x9ef80000,0x9fd00000)
  from space 2304K, 99% used [0x9fd00000,0x9ff3ed90,0x9ff40000)
  to   space 2304K, 0% used [0xa0cc0000,0xa0cc0000,0xa0f00000)
 ParOldGen       total 36608K, used 6542K [0x74500000, 0x768c0000, 0x9ef80000)
  object space 36608K, 17% used [0x74500000,0x74b638e0,0x768c0000)
 PSPermGen       total 16384K, used 3475K [0x70500000, 0x71500000, 0x74500000)
  object space 16384K, 21% used [0x70500000,0x70864f90,0x71500000)
}
Event: 3.344 GC heap before
{Heap before GC invocations=4 (full 0):
 PSYoungGen      total 16128K, used 16123K [0x9ef80000, 0xa0f00000, 0xb4500000)
  eden space 13824K, 100% used [0x9ef80000,0x9fd00000,0x9fd00000)
  from space 2304K, 99% used [0x9fd00000,0x9ff3ed90,0x9ff40000)
  to   space 2304K, 0% used [0xa0cc0000,0xa0cc0000,0xa0f00000)
 ParOldGen       total 36608K, used 6542K [0x74500000, 0x768c0000, 0x9ef80000)
  object space 36608K, 17% used [0x74500000,0x74b638e0,0x768c0000)
 PSPermGen       total 16384K, used 3490K [0x70500000, 0x71500000, 0x74500000)
  object space 16384K, 21% used [0x70500000,0x70868a38,0x71500000)
Event: 3.358 GC heap after
Heap after GC invocations=4 (full 0):
 PSYoungGen      total 29952K, used 2299K [0x9ef80000, 0xa0f00000, 0xb4500000)
  eden space 27648K, 0% used [0x9ef80000,0x9ef80000,0xa0a80000)
  from space 2304K, 99% used [0xa0cc0000,0xa0efed10,0xa0f00000)
  to   space 2304K, 0% used [0xa0a80000,0xa0a80000,0xa0cc0000)
 ParOldGen       total 36608K, used 8796K [0x74500000, 0x768c0000, 0x9ef80000)
  object space 36608K, 24% used [0x74500000,0x74d970e8,0x768c0000)
 PSPermGen       total 16384K, used 3490K [0x70500000, 0x71500000, 0x74500000)
  object space 16384K, 21% used [0x70500000,0x70868a38,0x71500000)
}
Event: 4.049 GC heap before
{Heap before GC invocations=5 (full 0):
 PSYoungGen      total 29952K, used 29947K [0x9ef80000, 0xa0f00000, 0xb4500000)
  eden space 27648K, 100% used [0x9ef80000,0xa0a80000,0xa0a80000)
  from space 2304K, 99% used [0xa0cc0000,0xa0efed10,0xa0f00000)
  to   space 2304K, 0% used [0xa0a80000,0xa0a80000,0xa0cc0000)
 ParOldGen       total 36608K, used 8796K [0x74500000, 0x768c0000, 0x9ef80000)
  object space 36608K, 24% used [0x74500000,0x74d970e8,0x768c0000)
 PSPermGen       total 16384K, used 3506K [0x70500000, 0x71500000, 0x74500000)
  object space 16384K, 21% used [0x70500000,0x7086c9b0,0x71500000)
Event: 4.068 GC heap after
Heap after GC invocations=5 (full 0):
 PSYoungGen      total 29952K, used 2300K [0x9ef80000, 0xa3280000, 0xb4500000)
  eden space 27648K, 0% used [0x9ef80000,0x9ef80000,0xa0a80000)
  from space 2304K, 99% used [0xa0a80000,0xa0cbf2c8,0xa0cc0000)
  to   space 6656K, 0% used [0xa2c00000,0xa2c00000,0xa3280000)
 ParOldGen       total 36608K, used 13186K [0x74500000, 0x768c0000, 0x9ef80000)
  object space 36608K, 36% used [0x74500000,0x751e0950,0x768c0000)
 PSPermGen       total 16384K, used 3506K [0x70500000, 0x71500000, 0x74500000)
  object space 16384K, 21% used [0x70500000,0x7086c9b0,0x71500000)
}
Event: 4.646 GC heap before
{Heap before GC invocations=6 (full 0):
 PSYoungGen      total 29952K, used 29948K [0x9ef80000, 0xa3280000, 0xb4500000)
  eden space 27648K, 100% used [0x9ef80000,0xa0a80000,0xa0a80000)
  from space 2304K, 99% used [0xa0a80000,0xa0cbf2c8,0xa0cc0000)
  to   space 6656K, 0% used [0xa2c00000,0xa2c00000,0xa3280000)
 ParOldGen       total 36608K, used 13186K [0x74500000, 0x768c0000, 0x9ef80000)
  object space 36608K, 36% used [0x74500000,0x751e0950,0x768c0000)
 PSPermGen       total 16384K, used 3520K [0x70500000, 0x71500000, 0x74500000)
  object space 16384K, 21% used [0x70500000,0x70870348,0x71500000)
Event: 4.666 GC heap after
Heap after GC invocations=6 (full 0):
 PSYoungGen      total 61184K, used 6654K [0x9ef80000, 0xa3400000, 0xb4500000)
  eden space 54528K, 0% used [0x9ef80000,0x9ef80000,0xa24c0000)
  from space 6656K, 99% used [0xa2c00000,0xa327fa68,0xa3280000)
  to   space 7424K, 0% used [0xa24c0000,0xa24c0000,0xa2c00000)
 ParOldGen       total 36608K, used 13511K [0x74500000, 0x768c0000, 0x9ef80000)
  object space 36608K, 36% used [0x74500000,0x75231da0,0x768c0000)
 PSPermGen       total 16384K, used 3520K [0x70500000, 0x71500000, 0x74500000)
  object space 16384K, 21% used [0x70500000,0x70870348,0x71500000)
}
Event: 5.516 GC heap before
{Heap before GC invocations=7 (full 0):
 PSYoungGen      total 61184K, used 61182K [0x9ef80000, 0xa3400000, 0xb4500000)
  eden space 54528K, 100% used [0x9ef80000,0xa24c0000,0xa24c0000)
  from space 6656K, 99% used [0xa2c00000,0xa327fa68,0xa3280000)
  to   space 7424K, 0% used [0xa24c0000,0xa24c0000,0xa2c00000)
 ParOldGen       total 36608K, used 13511K [0x74500000, 0x768c0000, 0x9ef80000)
  object space 36608K, 36% used [0x74500000,0x75231da0,0x768c0000)
 PSPermGen       total 16384K, used 3541K [0x70500000, 0x71500000, 0x74500000)
  object space 16384K, 21% used [0x70500000,0x708755d8,0x71500000)
Event: 5.550 GC heap after
Heap after GC invocations=7 (full 0):
 PSYoungGen      total 61952K, used 7412K [0x9ef80000, 0xa7200000, 0xb4500000)
  eden space 54528K, 0% used [0x9ef80000,0x9ef80000,0xa24c0000)
  from space 7424K, 99% used [0xa24c0000,0xa2bfd000,0xa2c00000)
  to   space 12288K, 0% used [0xa6600000,0xa6600000,0xa7200000)
 ParOldGen       total 36608K, used 21572K [0x74500000, 0x768c0000, 0x9ef80000)
  object space 36608K, 58% used [0x74500000,0x75a110c0,0x768c0000)
 PSPermGen       total 16384K, used 3541K [0x70500000, 0x71500000, 0x74500000)
  object space 16384K, 21% used [0x70500000,0x708755d8,0x71500000)
}

