# JRE version: Java(TM) SE Runtime Environment (7.0_51-b13) (build 1.7.0_51-b13)
# Java VM: Java HotSpot(TM) Server VM (24.51-b03 mixed mode linux-x86 )
Heap
 PSYoungGen      total 121344K, used 14807K [0x9ef80000, 0xac380000, 0xb4500000)
  eden space 104960K, 2% used [0x9ef80000,0x9f18edc8,0xa5600000)
  from space 16384K, 77% used [0xa5600000,0xa6266e38,0xa6600000)
  to   space 24576K, 0% used [0xaab80000,0xaab80000,0xac380000)
 ParOldGen       total 72192K, used 40483K [0x74500000, 0x78b80000, 0x9ef80000)
  object space 72192K, 56% used [0x74500000,0x76c88e90,0x78b80000)
 PSPermGen       total 16384K, used 3586K [0x70500000, 0x71500000, 0x74500000)
  object space 16384K, 21% used [0x70500000,0x708808d8,0x71500000)
GC Heap History (10 events):
Event: 4.834 GC heap before
{Heap before GC invocations=6 (full 0):
 PSYoungGen      total 29952K, used 29942K [0x9ef80000, 0xa3280000, 0xb4500000)
  eden space 27648K, 100% used [0x9ef80000,0xa0a80000,0xa0a80000)
  from space 2304K, 99% used [0xa0a80000,0xa0cbd818,0xa0cc0000)
  to   space 6656K, 0% used [0xa2c00000,0xa2c00000,0xa3280000)
 ParOldGen       total 36608K, used 13172K [0x74500000, 0x768c0000, 0x9ef80000)
  object space 36608K, 35% used [0x74500000,0x751dd2c8,0x768c0000)
 PSPermGen       total 16384K, used 3520K [0x70500000, 0x71500000, 0x74500000)
  object space 16384K, 21% used [0x70500000,0x708700f8,0x71500000)
Event: 4.855 GC heap after
Heap after GC invocations=6 (full 0):
 PSYoungGen      total 61184K, used 6640K [0x9ef80000, 0xa3400000, 0xb4500000)
  eden space 54528K, 0% used [0x9ef80000,0x9ef80000,0xa24c0000)
  from space 6656K, 99% used [0xa2c00000,0xa327c3b0,0xa3280000)
  to   space 7424K, 0% used [0xa24c0000,0xa24c0000,0xa2c00000)
 ParOldGen       total 36608K, used 13556K [0x74500000, 0x768c0000, 0x9ef80000)
  object space 36608K, 37% used [0x74500000,0x7523d328,0x768c0000)
 PSPermGen       total 16384K, used 3520K [0x70500000, 0x71500000, 0x74500000)
  object space 16384K, 21% used [0x70500000,0x708700f8,0x71500000)
}
Event: 5.628 GC heap before
{Heap before GC invocations=7 (full 0):
 PSYoungGen      total 61184K, used 61168K [0x9ef80000, 0xa3400000, 0xb4500000)
  eden space 54528K, 100% used [0x9ef80000,0xa24c0000,0xa24c0000)
  from space 6656K, 99% used [0xa2c00000,0xa327c3b0,0xa3280000)
  to   space 7424K, 0% used [0xa24c0000,0xa24c0000,0xa2c00000)
 ParOldGen       total 36608K, used 13556K [0x74500000, 0x768c0000, 0x9ef80000)
  object space 36608K, 37% used [0x74500000,0x7523d328,0x768c0000)
 PSPermGen       total 16384K, used 3539K [0x70500000, 0x71500000, 0x74500000)
  object space 16384K, 21% used [0x70500000,0x70874ee0,0x71500000)
Event: 5.770 GC heap after
Heap after GC invocations=7 (full 0):
 PSYoungGen      total 61952K, used 7412K [0x9ef80000, 0xa7200000, 0xb4500000)
  eden space 54528K, 0% used [0x9ef80000,0x9ef80000,0xa24c0000)
  from space 7424K, 99% used [0xa24c0000,0xa2bfd2e8,0xa2c00000)
  to   space 12288K, 0% used [0xa6600000,0xa6600000,0xa7200000)
 ParOldGen       total 36608K, used 21658K [0x74500000, 0x768c0000, 0x9ef80000)
  object space 36608K, 59% used [0x74500000,0x75a26970,0x768c0000)
 PSPermGen       total 16384K, used 3539K [0x70500000, 0x71500000, 0x74500000)
  object space 16384K, 21% used [0x70500000,0x70874ee0,0x71500000)
}
Event: 6.241 GC heap before
{Heap before GC invocations=8 (full 0):
 PSYoungGen      total 61952K, used 61940K [0x9ef80000, 0xa7200000, 0xb4500000)
  eden space 54528K, 100% used [0x9ef80000,0xa24c0000,0xa24c0000)
  from space 7424K, 99% used [0xa24c0000,0xa2bfd2e8,0xa2c00000)
  to   space 12288K, 0% used [0xa6600000,0xa6600000,0xa7200000)
 ParOldGen       total 36608K, used 21658K [0x74500000, 0x768c0000, 0x9ef80000)
  object space 36608K, 59% used [0x74500000,0x75a26970,0x768c0000)
 PSPermGen       total 16384K, used 3554K [0x70500000, 0x71500000, 0x74500000)
  object space 16384K, 21% used [0x70500000,0x70878b08,0x71500000)
Event: 6.285 GC heap after
Heap after GC invocations=8 (full 0):
 PSYoungGen      total 117248K, used 12281K [0x9ef80000, 0xa7a00000, 0xb4500000)
  eden space 104960K, 0% used [0x9ef80000,0x9ef80000,0xa5600000)
  from space 12288K, 99% used [0xa6600000,0xa71fe5e8,0xa7200000)
  to   space 16384K, 0% used [0xa5600000,0xa5600000,0xa6600000)
 ParOldGen       total 36608K, used 26520K [0x74500000, 0x768c0000, 0x9ef80000)
  object space 36608K, 72% used [0x74500000,0x75ee61e8,0x768c0000)
 PSPermGen       total 16384K, used 3554K [0x70500000, 0x71500000, 0x74500000)
  object space 16384K, 21% used [0x70500000,0x70878b08,0x71500000)
}
Event: 6.922 GC heap before
{Heap before GC invocations=9 (full 0):
 PSYoungGen      total 117248K, used 117241K [0x9ef80000, 0xa7a00000, 0xb4500000)
  eden space 104960K, 100% used [0x9ef80000,0xa5600000,0xa5600000)
  from space 12288K, 99% used [0xa6600000,0xa71fe5e8,0xa7200000)
  to   space 16384K, 0% used [0xa5600000,0xa5600000,0xa6600000)
 ParOldGen       total 36608K, used 26520K [0x74500000, 0x768c0000, 0x9ef80000)
  object space 36608K, 72% used [0x74500000,0x75ee61e8,0x768c0000)
 PSPermGen       total 16384K, used 3587K [0x70500000, 0x71500000, 0x74500000)
  object space 16384K, 21% used [0x70500000,0x70880e60,0x71500000)
Event: 7.020 GC heap after
Heap after GC invocations=9 (full 0):
 PSYoungGen      total 121344K, used 16376K [0x9ef80000, 0xac380000, 0xb4500000)
  eden space 104960K, 0% used [0x9ef80000,0x9ef80000,0xa5600000)
  from space 16384K, 99% used [0xa5600000,0xa65fe050,0xa6600000)
  to   space 24576K, 0% used [0xaab80000,0xaab80000,0xac380000)
 ParOldGen       total 40704K, used 40700K [0x74500000, 0x76cc0000, 0x9ef80000)
  object space 40704K, 99% used [0x74500000,0x76cbf058,0x76cc0000)
 PSPermGen       total 16384K, used 3587K [0x70500000, 0x71500000, 0x74500000)
  object space 16384K, 21% used [0x70500000,0x70880e60,0x71500000)
}
Event: 7.020 GC heap before
{Heap before GC invocations=10 (full 1):
 PSYoungGen      total 121344K, used 16376K [0x9ef80000, 0xac380000, 0xb4500000)
  eden space 104960K, 0% used [0x9ef80000,0x9ef80000,0xa5600000)
  from space 16384K, 99% used [0xa5600000,0xa65fe050,0xa6600000)
  to   space 24576K, 0% used [0xaab80000,0xaab80000,0xac380000)
 ParOldGen       total 40704K, used 40700K [0x74500000, 0x76cc0000, 0x9ef80000)
  object space 40704K, 99% used [0x74500000,0x76cbf058,0x76cc0000)
 PSPermGen       total 16384K, used 3587K [0x70500000, 0x71500000, 0x74500000)
  object space 16384K, 21% used [0x70500000,0x70880e60,0x71500000)
Event: 7.501 GC heap after
Heap after GC invocations=10 (full 1):
 PSYoungGen      total 121344K, used 12699K [0x9ef80000, 0xac380000, 0xb4500000)
  eden space 104960K, 0% used [0x9ef80000,0x9ef80000,0xa5600000)
  from space 16384K, 77% used [0xa5600000,0xa6266e38,0xa6600000)
  to   space 24576K, 0% used [0xaab80000,0xaab80000,0xac380000)
 ParOldGen       total 72192K, used 40483K [0x74500000, 0x78b80000, 0x9ef80000)
  object space 72192K, 56% used [0x74500000,0x76c88e90,0x78b80000)
 PSPermGen       total 16384K, used 3584K [0x70500000, 0x71500000, 0x74500000)
  object space 16384K, 21% used [0x70500000,0x70880340,0x71500000)
}

